TN:
SF:src/app.js
FN:52,(anonymous_0)
FN:77,(anonymous_1)
FN:88,(anonymous_2)
FN:93,(anonymous_3)
FN:99,(anonymous_4)
FN:106,(anonymous_5)
FN:121,(anonymous_6)
FN:196,(anonymous_7)
FN:231,(anonymous_8)
FN:244,(anonymous_9)
FN:252,(anonymous_10)
FN:260,(anonymous_11)
FN:268,(anonymous_12)
FN:277,(anonymous_13)
FN:282,(anonymous_14)
FN:290,(anonymous_15)
FN:297,(anonymous_16)
FN:305,(anonymous_17)
FN:308,(anonymous_18)
FN:328,(anonymous_19)
FN:343,(anonymous_20)
FN:379,(anonymous_21)
FNF:22
FNH:0
FNDA:0,(anonymous_0)
FNDA:0,(anonymous_1)
FNDA:0,(anonymous_2)
FNDA:0,(anonymous_3)
FNDA:0,(anonymous_4)
FNDA:0,(anonymous_5)
FNDA:0,(anonymous_6)
FNDA:0,(anonymous_7)
FNDA:0,(anonymous_8)
FNDA:0,(anonymous_9)
FNDA:0,(anonymous_10)
FNDA:0,(anonymous_11)
FNDA:0,(anonymous_12)
FNDA:0,(anonymous_13)
FNDA:0,(anonymous_14)
FNDA:0,(anonymous_15)
FNDA:0,(anonymous_16)
FNDA:0,(anonymous_17)
FNDA:0,(anonymous_18)
FNDA:0,(anonymous_19)
FNDA:0,(anonymous_20)
FNDA:0,(anonymous_21)
DA:37,0
DA:40,0
DA:41,0
DA:44,0
DA:47,0
DA:48,0
DA:49,0
DA:52,0
DA:53,0
DA:54,0
DA:55,0
DA:56,0
DA:58,0
DA:63,0
DA:65,0
DA:68,0
DA:74,0
DA:77,0
DA:79,0
DA:82,0
DA:88,0
DA:89,0
DA:93,0
DA:94,0
DA:99,0
DA:100,0
DA:106,0
DA:107,0
DA:108,0
DA:109,0
DA:112,0
DA:118,0
DA:121,0
DA:124,0
DA:125,0
DA:126,0
DA:127,0
DA:129,0
DA:134,0
DA:136,0
DA:137,0
DA:138,0
DA:139,0
DA:140,0
DA:141,0
DA:144,0
DA:163,0
DA:164,0
DA:165,0
DA:166,0
DA:167,0
DA:170,0
DA:189,0
DA:190,0
DA:193,0
DA:196,0
DA:198,0
DA:199,0
DA:200,0
DA:201,0
DA:205,0
DA:213,0
DA:222,0
DA:223,0
DA:224,0
DA:225,0
DA:226,0
DA:228,0
DA:231,0
DA:232,0
DA:233,0
DA:234,0
DA:238,0
DA:239,0
DA:240,0
DA:241,0
DA:244,0
DA:245,0
DA:252,0
DA:253,0
DA:260,0
DA:261,0
DA:268,0
DA:270,0
DA:277,0
DA:278,0
DA:282,0
DA:283,0
DA:287,0
DA:290,0
DA:291,0
DA:292,0
DA:297,0
DA:298,0
DA:302,0
DA:305,0
DA:308,0
DA:309,0
DA:311,0
DA:313,0
DA:314,0
DA:316,0
DA:323,0
DA:328,0
DA:329,0
DA:331,0
DA:332,0
DA:334,0
DA:335,0
DA:339,0
DA:342,0
DA:343,0
DA:344,0
DA:345,0
DA:348,0
DA:358,0
DA:360,0
DA:361,0
DA:362,0
DA:363,0
DA:374,0
DA:377,0
DA:379,0
LF:123
LH:0
BRDA:53,0,0,0
BRDA:53,0,1,0
BRDA:108,1,0,0
BRDA:108,1,1,0
BRDA:118,2,0,0
BRDA:118,2,1,0
BRDA:124,3,0,0
BRDA:124,3,1,0
BRDA:146,4,0,0
BRDA:146,4,1,0
BRDA:150,5,0,0
BRDA:150,5,1,0
BRDA:232,6,0,0
BRDA:232,6,1,0
BRDA:246,7,0,0
BRDA:246,7,1,0
BRDA:254,8,0,0
BRDA:254,8,1,0
BRDA:262,9,0,0
BRDA:262,9,1,0
BRDA:331,10,0,0
BRDA:331,10,1,0
BRDA:334,11,0,0
BRDA:334,11,1,0
BRDA:344,12,0,0
BRDA:344,12,1,0
BRDA:349,13,0,0
BRDA:349,13,1,0
BRF:28
BRH:0
end_of_record
TN:
SF:src/controllers/auth.js
FN:8,(anonymous_0)
FN:13,(anonymous_1)
FN:21,(anonymous_2)
FN:115,(anonymous_3)
FN:206,(anonymous_4)
FN:215,(anonymous_5)
FN:226,(anonymous_6)
FN:280,(anonymous_7)
FN:285,(anonymous_8)
FN:290,(anonymous_9)
FN:300,(anonymous_10)
FN:322,(anonymous_11)
FN:331,(anonymous_12)
FN:401,(anonymous_13)
FN:423,(anonymous_14)
FN:517,(anonymous_15)
FN:574,(anonymous_16)
FN:580,(anonymous_17)
FN:588,(anonymous_18)
FN:665,(anonymous_19)
FN:699,(anonymous_20)
FN:791,(anonymous_21)
FN:861,(anonymous_22)
FNF:23
FNH:0
FNDA:0,(anonymous_0)
FNDA:0,(anonymous_1)
FNDA:0,(anonymous_2)
FNDA:0,(anonymous_3)
FNDA:0,(anonymous_4)
FNDA:0,(anonymous_5)
FNDA:0,(anonymous_6)
FNDA:0,(anonymous_7)
FNDA:0,(anonymous_8)
FNDA:0,(anonymous_9)
FNDA:0,(anonymous_10)
FNDA:0,(anonymous_11)
FNDA:0,(anonymous_12)
FNDA:0,(anonymous_13)
FNDA:0,(anonymous_14)
FNDA:0,(anonymous_15)
FNDA:0,(anonymous_16)
FNDA:0,(anonymous_17)
FNDA:0,(anonymous_18)
FNDA:0,(anonymous_19)
FNDA:0,(anonymous_20)
FNDA:0,(anonymous_21)
FNDA:0,(anonymous_22)
DA:8,0
DA:9,0
DA:13,0
DA:14,0
DA:15,0
DA:17,0
DA:21,0
DA:22,0
DA:23,0
DA:26,0
DA:27,0
DA:35,0
DA:36,0
DA:44,0
DA:45,0
DA:46,0
DA:54,0
DA:61,0
DA:68,0
DA:76,0
DA:79,0
DA:80,0
DA:89,0
DA:90,0
DA:103,0
DA:105,0
DA:106,0
DA:115,0
DA:116,0
DA:117,0
DA:120,0
DA:121,0
DA:129,0
DA:130,0
DA:131,0
DA:139,0
DA:140,0
DA:141,0
DA:149,0
DA:152,0
DA:159,0
DA:167,0
DA:170,0
DA:171,0
DA:180,0
DA:181,0
DA:194,0
DA:196,0
DA:197,0
DA:206,0
DA:208,0
DA:214,0
DA:215,0
DA:216,0
DA:217,0
DA:222,0
DA:226,0
DA:227,0
DA:229,0
DA:231,0
DA:232,0
DA:233,0
DA:234,0
DA:235,0
DA:240,0
DA:242,0
DA:243,0
DA:247,0
DA:253,0
DA:254,0
DA:255,0
DA:259,0
DA:260,0
DA:263,0
DA:264,0
DA:272,0
DA:274,0
DA:275,0
DA:280,0
DA:281,0
DA:285,0
DA:286,0
DA:290,0
DA:291,0
DA:293,0
DA:296,0
DA:299,0
DA:300,0
DA:302,0
DA:310,0
DA:311,0
DA:322,0
DA:323,0
DA:331,0
DA:332,0
DA:333,0
DA:336,0
DA:337,0
DA:347,0
DA:348,0
DA:349,0
DA:350,0
DA:361,0
DA:367,0
DA:370,0
DA:377,0
DA:385,0
DA:388,0
DA:389,0
DA:398,0
DA:399,0
DA:400,0
DA:401,0
DA:403,0
DA:411,0
DA:412,0
DA:423,0
DA:424,0
DA:426,0
DA:429,0
DA:430,0
DA:437,0
DA:440,0
DA:441,0
DA:445,0
DA:447,0
DA:448,0
DA:453,0
DA:456,0
DA:457,0
DA:458,0
DA:459,0
DA:462,0
DA:463,0
DA:467,0
DA:469,0
DA:471,0
DA:472,0
DA:475,0
DA:483,0
DA:487,0
DA:494,0
DA:495,0
DA:502,0
DA:508,0
DA:509,0
DA:517,0
DA:518,0
DA:519,0
DA:522,0
DA:523,0
DA:531,0
DA:532,0
DA:533,0
DA:541,0
DA:544,0
DA:545,0
DA:546,0
DA:554,0
DA:555,0
DA:558,0
DA:564,0
DA:565,0
DA:574,0
DA:576,0
DA:580,0
DA:581,0
DA:588,0
DA:589,0
DA:590,0
DA:592,0
DA:593,0
DA:600,0
DA:603,0
DA:604,0
DA:611,0
DA:614,0
DA:615,0
DA:616,0
DA:619,0
DA:621,0
DA:623,0
DA:625,0
DA:626,0
DA:630,0
DA:631,0
DA:634,0
DA:639,0
DA:643,0
DA:644,0
DA:650,0
DA:656,0
DA:657,0
DA:665,0
DA:666,0
DA:667,0
DA:670,0
DA:675,0
DA:676,0
DA:683,0
DA:689,0
DA:690,0
DA:699,0
DA:700,0
DA:701,0
DA:702,0
DA:705,0
DA:706,0
DA:714,0
DA:715,0
DA:722,0
DA:723,0
DA:730,0
DA:731,0
DA:738,0
DA:739,0
DA:746,0
DA:747,0
DA:755,0
DA:760,0
DA:761,0
DA:769,0
DA:770,0
DA:771,0
DA:773,0
DA:776,0
DA:781,0
DA:782,0
DA:791,0
DA:792,0
DA:794,0
DA:795,0
DA:796,0
DA:797,0
DA:798,0
DA:800,0
DA:801,0
DA:804,0
DA:805,0
DA:808,0
DA:809,0
DA:810,0
DA:811,0
DA:812,0
DA:813,0
DA:815,0
DA:818,0
DA:824,0
DA:825,0
DA:828,0
DA:829,0
DA:830,0
DA:831,0
DA:833,0
DA:834,0
DA:835,0
DA:836,0
DA:837,0
DA:839,0
DA:840,0
DA:841,0
DA:842,0
DA:846,0
DA:851,0
DA:852,0
DA:855,0
DA:860,0
DA:861,0
DA:862,0
DA:863,0
DA:869,0
DA:871,0
DA:874,0
LF:273
LH:0
BRDA:14,0,0,0
BRDA:14,0,1,0
BRDA:26,1,0,0
BRDA:26,1,1,0
BRDA:26,2,0,0
BRDA:26,2,1,0
BRDA:26,2,2,0
BRDA:35,3,0,0
BRDA:35,3,1,0
BRDA:45,4,0,0
BRDA:45,4,1,0
BRDA:63,5,0,0
BRDA:63,5,1,0
BRDA:64,6,0,0
BRDA:64,6,1,0
BRDA:70,7,0,0
BRDA:70,7,1,0
BRDA:73,8,0,0
BRDA:73,8,1,0
BRDA:79,9,0,0
BRDA:79,9,1,0
BRDA:89,10,0,0
BRDA:89,10,1,0
BRDA:120,11,0,0
BRDA:120,11,1,0
BRDA:120,12,0,0
BRDA:120,12,1,0
BRDA:130,13,0,0
BRDA:130,13,1,0
BRDA:140,14,0,0
BRDA:140,14,1,0
BRDA:149,15,0,0
BRDA:149,15,1,0
BRDA:149,16,0,0
BRDA:149,16,1,0
BRDA:154,17,0,0
BRDA:154,17,1,0
BRDA:161,18,0,0
BRDA:161,18,1,0
BRDA:161,19,0,0
BRDA:161,19,1,0
BRDA:164,20,0,0
BRDA:164,20,1,0
BRDA:170,21,0,0
BRDA:170,21,1,0
BRDA:180,22,0,0
BRDA:180,22,1,0
BRDA:214,23,0,0
BRDA:214,23,1,0
BRDA:216,24,0,0
BRDA:216,24,1,0
BRDA:229,25,0,0
BRDA:229,25,1,0
BRDA:229,26,0,0
BRDA:229,26,1,0
BRDA:232,27,0,0
BRDA:232,27,1,0
BRDA:242,28,0,0
BRDA:242,28,1,0
BRDA:249,29,0,0
BRDA:249,29,1,0
BRDA:254,30,0,0
BRDA:254,30,1,0
BRDA:263,31,0,0
BRDA:263,31,1,0
BRDA:263,32,0,0
BRDA:263,32,1,0
BRDA:306,33,0,0
BRDA:306,33,1,0
BRDA:307,34,0,0
BRDA:307,34,1,0
BRDA:316,35,0,0
BRDA:316,35,1,0
BRDA:325,36,0,0
BRDA:325,36,1,0
BRDA:326,37,0,0
BRDA:326,37,1,0
BRDA:336,38,0,0
BRDA:336,38,1,0
BRDA:336,39,0,0
BRDA:336,39,1,0
BRDA:347,40,0,0
BRDA:347,40,1,0
BRDA:349,41,0,0
BRDA:349,41,1,0
BRDA:372,42,0,0
BRDA:372,42,1,0
BRDA:373,43,0,0
BRDA:373,43,1,0
BRDA:379,44,0,0
BRDA:379,44,1,0
BRDA:382,45,0,0
BRDA:382,45,1,0
BRDA:388,46,0,0
BRDA:388,46,1,0
BRDA:429,47,0,0
BRDA:429,47,1,0
BRDA:440,48,0,0
BRDA:440,48,1,0
BRDA:445,49,0,0
BRDA:445,49,1,0
BRDA:471,50,0,0
BRDA:471,50,1,0
BRDA:494,51,0,0
BRDA:494,51,1,0
BRDA:494,52,0,0
BRDA:494,52,1,0
BRDA:522,53,0,0
BRDA:522,53,1,0
BRDA:532,54,0,0
BRDA:532,54,1,0
BRDA:545,55,0,0
BRDA:545,55,1,0
BRDA:592,56,0,0
BRDA:592,56,1,0
BRDA:603,57,0,0
BRDA:603,57,1,0
BRDA:625,58,0,0
BRDA:625,58,1,0
BRDA:630,59,0,0
BRDA:630,59,1,0
BRDA:643,60,0,0
BRDA:643,60,1,0
BRDA:675,61,0,0
BRDA:675,61,1,0
BRDA:705,62,0,0
BRDA:705,62,1,0
BRDA:714,63,0,0
BRDA:714,63,1,0
BRDA:722,64,0,0
BRDA:722,64,1,0
BRDA:730,65,0,0
BRDA:730,65,1,0
BRDA:738,66,0,0
BRDA:738,66,1,0
BRDA:746,67,0,0
BRDA:746,67,1,0
BRDA:760,68,0,0
BRDA:760,68,1,0
BRDA:809,69,0,0
BRDA:809,69,1,0
BRDA:812,70,0,0
BRDA:812,70,1,0
BRDA:829,71,0,0
BRDA:829,71,1,0
BRDA:829,72,0,0
BRDA:829,72,1,0
BRDA:831,73,0,0
BRDA:831,73,1,0
BRDA:831,74,0,0
BRDA:831,74,1,0
BRDA:831,74,2,0
BRDA:837,75,0,0
BRDA:837,75,1,0
BRDA:837,76,0,0
BRDA:837,76,1,0
BRDA:840,77,0,0
BRDA:840,77,1,0
BRDA:860,78,0,0
BRDA:860,78,1,0
BRDA:862,79,0,0
BRDA:862,79,1,0
BRF:162
BRH:0
end_of_record
TN:
SF:src/controllers/dashboard.js
FN:5,(anonymous_0)
FN:54,(anonymous_1)
FN:83,(anonymous_2)
FN:123,(anonymous_3)
FN:149,(anonymous_4)
FN:157,(anonymous_5)
FNF:6
FNH:0
FNDA:0,(anonymous_0)
FNDA:0,(anonymous_1)
FNDA:0,(anonymous_2)
FNDA:0,(anonymous_3)
FNDA:0,(anonymous_4)
FNDA:0,(anonymous_5)
DA:5,0
DA:6,0
DA:7,0
DA:8,0
DA:12,0
DA:13,0
DA:14,0
DA:17,0
DA:18,0
DA:21,0
DA:26,0
DA:28,0
DA:39,0
DA:40,0
DA:54,0
DA:55,0
DA:56,0
DA:57,0
DA:60,0
DA:65,0
DA:66,0
DA:76,0
DA:77,0
DA:78,0
DA:79,0
DA:80,0
DA:81,0
DA:83,0
DA:85,0
DA:86,0
DA:89,0
DA:90,0
DA:93,0
DA:94,0
DA:97,0
DA:98,0
DA:101,0
DA:102,0
DA:105,0
DA:106,0
DA:107,0
DA:108,0
DA:112,0
DA:123,0
DA:124,0
DA:127,0
DA:136,0
DA:137,0
DA:138,0
DA:149,0
DA:150,0
DA:151,0
DA:152,0
DA:154,0
DA:157,0
DA:163,0
DA:164,0
LF:57
LH:0
BRDA:7,0,0,0
BRDA:7,0,1,0
BRDA:12,1,0,0
BRDA:12,1,1,0
BRDA:13,2,0,0
BRDA:13,2,1,0
BRDA:32,3,0,0
BRDA:32,3,1,0
BRDA:33,4,0,0
BRDA:33,4,1,0
BRDA:65,5,0,0
BRDA:65,5,1,0
BRDA:85,6,0,0
BRDA:85,6,1,0
BRDA:86,7,0,0
BRDA:86,7,1,0
BRDA:89,8,0,0
BRDA:89,8,1,0
BRDA:90,9,0,0
BRDA:90,9,1,0
BRDA:93,10,0,0
BRDA:93,10,1,0
BRDA:94,11,0,0
BRDA:94,11,1,0
BRDA:97,12,0,0
BRDA:97,12,1,0
BRDA:98,13,0,0
BRDA:98,13,1,0
BRDA:101,14,0,0
BRDA:101,14,1,0
BRDA:102,15,0,0
BRDA:102,15,1,0
BRDA:105,16,0,0
BRDA:105,16,1,0
BRDA:108,17,0,0
BRDA:108,17,1,0
BRF:36
BRH:0
end_of_record
TN:
SF:src/controllers/url.js
FN:13,(anonymous_0)
FN:157,(anonymous_1)
FN:244,(anonymous_2)
FN:270,(anonymous_3)
FN:322,(anonymous_4)
FN:489,(anonymous_5)
FN:608,(anonymous_6)
FN:643,(anonymous_7)
FN:698,(anonymous_8)
FNF:9
FNH:0
FNDA:0,(anonymous_0)
FNDA:0,(anonymous_1)
FNDA:0,(anonymous_2)
FNDA:0,(anonymous_3)
FNDA:0,(anonymous_4)
FNDA:0,(anonymous_5)
FNDA:0,(anonymous_6)
FNDA:0,(anonymous_7)
FNDA:0,(anonymous_8)
DA:13,0
DA:14,0
DA:16,0
DA:29,0
DA:31,0
DA:40,0
DA:41,0
DA:48,0
DA:49,0
DA:50,0
DA:51,0
DA:54,0
DA:56,0
DA:58,0
DA:59,0
DA:60,0
DA:66,0
DA:68,0
DA:70,0
DA:72,0
DA:74,0
DA:78,0
DA:79,0
DA:81,0
DA:85,0
DA:87,0
DA:99,0
DA:100,0
DA:101,0
DA:103,0
DA:106,0
DA:108,0
DA:113,0
DA:114,0
DA:129,0
DA:132,0
DA:136,0
DA:146,0
DA:147,0
DA:157,0
DA:158,0
DA:159,0
DA:160,0
DA:162,0
DA:163,0
DA:164,0
DA:172,0
DA:175,0
DA:176,0
DA:177,0
DA:178,0
DA:184,0
DA:185,0
DA:186,0
DA:192,0
DA:193,0
DA:195,0
DA:196,0
DA:199,0
DA:200,0
DA:208,0
DA:209,0
DA:212,0
DA:215,0
DA:216,0
DA:220,0
DA:225,0
DA:235,0
DA:236,0
DA:244,0
DA:245,0
DA:246,0
DA:247,0
DA:250,0
DA:252,0
DA:253,0
DA:254,0
DA:261,0
DA:264,0
DA:265,0
DA:266,0
DA:267,0
DA:268,0
DA:270,0
DA:272,0
DA:273,0
DA:276,0
DA:277,0
DA:280,0
DA:281,0
DA:284,0
DA:285,0
DA:288,0
DA:289,0
DA:290,0
DA:291,0
DA:296,0
DA:313,0
DA:314,0
DA:322,0
DA:323,0
DA:326,0
DA:327,0
DA:328,0
DA:329,0
DA:330,0
DA:331,0
DA:333,0
DA:334,0
DA:336,0
DA:339,0
DA:340,0
DA:351,0
DA:352,0
DA:354,0
DA:356,0
DA:359,0
DA:360,0
DA:361,0
DA:373,0
DA:383,0
DA:386,0
DA:389,0
DA:391,0
DA:392,0
DA:393,0
DA:394,0
DA:396,0
DA:400,0
DA:401,0
DA:402,0
DA:405,0
DA:408,0
DA:409,0
DA:413,0
DA:415,0
DA:424,0
DA:425,0
DA:437,0
DA:438,0
DA:441,0
DA:449,0
DA:458,0
DA:459,0
DA:471,0
DA:472,0
DA:475,0
DA:477,0
DA:478,0
DA:489,0
DA:490,0
DA:491,0
DA:492,0
DA:494,0
DA:503,0
DA:504,0
DA:505,0
DA:506,0
DA:514,0
DA:515,0
DA:516,0
DA:519,0
DA:520,0
DA:522,0
DA:523,0
DA:524,0
DA:526,0
DA:528,0
DA:529,0
DA:538,0
DA:540,0
DA:541,0
DA:550,0
DA:555,0
DA:556,0
DA:559,0
DA:560,0
DA:563,0
DA:564,0
DA:568,0
DA:569,0
DA:572,0
DA:573,0
DA:576,0
DA:577,0
DA:581,0
DA:587,0
DA:589,0
DA:598,0
DA:599,0
DA:608,0
DA:609,0
DA:610,0
DA:611,0
DA:613,0
DA:614,0
DA:618,0
DA:624,0
DA:626,0
DA:635,0
DA:643,0
DA:644,0
DA:645,0
DA:646,0
DA:649,0
DA:651,0
DA:652,0
DA:653,0
DA:661,0
DA:662,0
DA:663,0
DA:664,0
DA:666,0
DA:671,0
DA:673,0
DA:674,0
DA:681,0
DA:682,0
DA:688,0
DA:689,0
DA:698,0
DA:699,0
DA:700,0
DA:701,0
DA:704,0
DA:707,0
DA:708,0
DA:712,0
DA:714,0
DA:715,0
DA:716,0
DA:723,0
DA:726,0
DA:734,0
DA:735,0
LF:235
LH:0
BRDA:33,0,0,0
BRDA:33,0,1,0
BRDA:34,1,0,0
BRDA:34,1,1,0
BRDA:35,2,0,0
BRDA:35,2,1,0
BRDA:36,3,0,0
BRDA:36,3,1,0
BRDA:37,4,0,0
BRDA:37,4,1,0
BRDA:40,5,0,0
BRDA:40,5,1,0
BRDA:58,6,0,0
BRDA:58,6,1,0
BRDA:58,7,0,0
BRDA:58,7,1,0
BRDA:61,8,0,0
BRDA:61,8,1,0
BRDA:62,9,0,0
BRDA:62,9,1,0
BRDA:79,10,0,0
BRDA:79,10,1,0
BRDA:82,11,0,0
BRDA:82,11,1,0
BRDA:85,12,0,0
BRDA:85,12,1,0
BRDA:85,13,0,0
BRDA:85,13,1,0
BRDA:89,14,0,0
BRDA:89,14,1,0
BRDA:90,15,0,0
BRDA:90,15,1,0
BRDA:91,16,0,0
BRDA:91,16,1,0
BRDA:100,17,0,0
BRDA:100,17,1,0
BRDA:101,18,0,0
BRDA:101,18,1,0
BRDA:117,19,0,0
BRDA:117,19,1,0
BRDA:120,20,0,0
BRDA:120,20,1,0
BRDA:122,21,0,0
BRDA:122,21,1,0
BRDA:124,22,0,0
BRDA:124,22,1,0
BRDA:126,23,0,0
BRDA:126,23,1,0
BRDA:132,24,0,0
BRDA:132,24,1,0
BRDA:163,25,0,0
BRDA:163,25,1,0
BRDA:175,26,0,0
BRDA:175,26,1,0
BRDA:177,27,0,0
BRDA:177,27,1,0
BRDA:185,28,0,0
BRDA:185,28,1,0
BRDA:185,29,0,0
BRDA:185,29,1,0
BRDA:187,30,0,0
BRDA:187,30,1,0
BRDA:188,31,0,0
BRDA:188,31,1,0
BRDA:215,32,0,0
BRDA:215,32,1,0
BRDA:220,33,0,0
BRDA:220,33,1,0
BRDA:252,34,0,0
BRDA:252,34,1,0
BRDA:272,35,0,0
BRDA:272,35,1,0
BRDA:273,36,0,0
BRDA:273,36,1,0
BRDA:276,37,0,0
BRDA:276,37,1,0
BRDA:277,38,0,0
BRDA:277,38,1,0
BRDA:280,39,0,0
BRDA:280,39,1,0
BRDA:281,40,0,0
BRDA:281,40,1,0
BRDA:284,41,0,0
BRDA:284,41,1,0
BRDA:285,42,0,0
BRDA:285,42,1,0
BRDA:288,43,0,0
BRDA:288,43,1,0
BRDA:291,44,0,0
BRDA:291,44,1,0
BRDA:326,45,0,0
BRDA:326,45,1,0
BRDA:327,46,0,0
BRDA:327,46,1,0
BRDA:328,47,0,0
BRDA:328,47,1,0
BRDA:329,48,0,0
BRDA:329,48,1,0
BRDA:330,49,0,0
BRDA:330,49,1,0
BRDA:336,50,0,0
BRDA:336,50,1,0
BRDA:339,51,0,0
BRDA:339,51,1,0
BRDA:351,52,0,0
BRDA:351,52,1,0
BRDA:359,53,0,0
BRDA:359,53,1,0
BRDA:378,54,0,0
BRDA:378,54,1,0
BRDA:379,55,0,0
BRDA:379,55,1,0
BRDA:386,56,0,0
BRDA:386,56,1,0
BRDA:386,56,2,0
BRDA:389,57,0,0
BRDA:389,57,1,0
BRDA:391,58,0,0
BRDA:391,58,1,0
BRDA:391,59,0,0
BRDA:391,59,1,0
BRDA:391,59,2,0
BRDA:393,60,0,0
BRDA:393,60,1,0
BRDA:393,61,0,0
BRDA:393,61,1,0
BRDA:400,62,0,0
BRDA:400,62,1,0
BRDA:401,63,0,0
BRDA:401,63,1,0
BRDA:402,64,0,0
BRDA:402,64,1,0
BRDA:413,65,0,0
BRDA:413,65,1,0
BRDA:413,66,0,0
BRDA:413,66,1,0
BRDA:424,67,0,0
BRDA:424,67,1,0
BRDA:458,68,0,0
BRDA:458,68,1,0
BRDA:504,69,0,0
BRDA:504,69,1,0
BRDA:514,70,0,0
BRDA:514,70,1,0
BRDA:515,71,0,0
BRDA:515,71,1,0
BRDA:516,72,0,0
BRDA:516,72,1,0
BRDA:519,73,0,0
BRDA:519,73,1,0
BRDA:538,74,0,0
BRDA:538,74,1,0
BRDA:540,75,0,0
BRDA:540,75,1,0
BRDA:551,76,0,0
BRDA:551,76,1,0
BRDA:555,77,0,0
BRDA:555,77,1,0
BRDA:559,78,0,0
BRDA:559,78,1,0
BRDA:563,79,0,0
BRDA:563,79,1,0
BRDA:568,80,0,0
BRDA:568,80,1,0
BRDA:572,81,0,0
BRDA:572,81,1,0
BRDA:576,82,0,0
BRDA:576,82,1,0
BRDA:613,83,0,0
BRDA:613,83,1,0
BRDA:624,84,0,0
BRDA:624,84,1,0
BRDA:630,85,0,0
BRDA:630,85,1,0
BRDA:651,86,0,0
BRDA:651,86,1,0
BRDA:661,87,0,0
BRDA:661,87,1,0
BRDA:663,88,0,0
BRDA:663,88,1,0
BRDA:673,89,0,0
BRDA:673,89,1,0
BRDA:707,90,0,0
BRDA:707,90,1,0
BRDA:707,91,0,0
BRDA:707,91,1,0
BRDA:714,92,0,0
BRDA:714,92,1,0
BRF:188
BRH:0
end_of_record
TN:
SF:src/middleware/dbSanitize.js
FN:8,(anonymous_0)
FNF:1
FNH:0
FNDA:0,(anonymous_0)
DA:8,0
DA:10,0
DA:11,0
DA:14,0
DA:15,0
DA:18,0
DA:19,0
DA:22,0
LF:8
LH:0
BRDA:10,0,0,0
BRDA:10,0,1,0
BRDA:14,1,0,0
BRDA:14,1,1,0
BRDA:18,2,0,0
BRDA:18,2,1,0
BRF:6
BRH:0
end_of_record
TN:
SF:src/middleware/errorLogger.js
FN:23,(anonymous_0)
FN:56,(anonymous_1)
FN:75,(anonymous_2)
FN:89,(anonymous_3)
FN:133,sanitizeRequestBody
FN:141,(anonymous_5)
FN:153,(anonymous_6)
FNF:7
FNH:0
FNDA:0,(anonymous_0)
FNDA:0,(anonymous_1)
FNDA:0,(anonymous_2)
FNDA:0,(anonymous_3)
FNDA:0,sanitizeRequestBody
FNDA:0,(anonymous_5)
FNDA:0,(anonymous_6)
DA:8,0
DA:9,0
DA:12,0
DA:13,0
DA:14,0
DA:18,0
DA:23,0
DA:25,0
DA:28,0
DA:29,0
DA:32,0
DA:33,0
DA:36,0
DA:53,0
DA:57,0
DA:58,0
DA:64,0
DA:72,0
DA:73,0
DA:75,0
DA:76,0
DA:77,0
DA:90,0
DA:94,0
DA:99,0
DA:100,0
DA:103,0
DA:107,0
DA:109,0
DA:118,0
DA:134,0
DA:137,0
DA:140,0
DA:141,0
DA:142,0
DA:143,0
DA:147,0
DA:153,0
DA:154,0
DA:155,0
DA:156,0
LF:41
LH:0
BRDA:13,0,0,0
BRDA:13,0,1,0
BRDA:29,1,0,0
BRDA:29,1,1,0
BRDA:32,2,0,0
BRDA:32,2,1,0
BRDA:33,3,0,0
BRDA:33,3,1,0
BRDA:46,4,0,0
BRDA:46,4,1,0
BRDA:48,5,0,0
BRDA:48,5,1,0
BRDA:57,6,0,0
BRDA:57,6,1,0
BRDA:67,7,0,0
BRDA:67,7,1,0
BRDA:68,8,0,0
BRDA:68,8,1,0
BRDA:72,9,0,0
BRDA:72,9,1,0
BRDA:81,10,0,0
BRDA:81,10,1,0
BRDA:85,11,0,0
BRDA:85,11,1,0
BRDA:88,12,0,0
BRDA:88,12,1,0
BRDA:99,13,0,0
BRDA:99,13,1,0
BRDA:100,14,0,0
BRDA:100,14,1,0
BRDA:103,15,0,0
BRDA:103,15,1,0
BRDA:103,15,2,0
BRDA:103,15,3,0
BRDA:107,16,0,0
BRDA:107,16,1,0
BRDA:114,17,0,0
BRDA:114,17,1,0
BRDA:122,18,0,0
BRDA:122,18,1,0
BRDA:134,19,0,0
BRDA:134,19,1,0
BRDA:142,20,0,0
BRDA:142,20,1,0
BRF:44
BRH:0
end_of_record
TN:
SF:src/middleware/requestLogger.js
FN:23,(anonymous_0)
FN:53,(anonymous_1)
FN:65,(anonymous_2)
FN:88,(anonymous_3)
FN:90,(anonymous_4)
FN:109,sanitizeRequestBody
FN:117,(anonymous_6)
FNF:7
FNH:0
FNDA:0,(anonymous_0)
FNDA:0,(anonymous_1)
FNDA:0,(anonymous_2)
FNDA:0,(anonymous_3)
FNDA:0,(anonymous_4)
FNDA:0,sanitizeRequestBody
FNDA:0,(anonymous_6)
DA:8,0
DA:9,0
DA:12,0
DA:13,0
DA:14,0
DA:18,0
DA:23,0
DA:25,0
DA:28,0
DA:29,0
DA:30,0
DA:33,0
DA:34,0
DA:37,0
DA:50,0
DA:54,0
DA:55,0
DA:61,0
DA:64,0
DA:65,0
DA:67,0
DA:70,0
DA:80,0
DA:81,0
DA:85,0
DA:86,0
DA:88,0
DA:89,0
DA:90,0
DA:91,0
DA:95,0
DA:100,0
DA:103,0
DA:110,0
DA:113,0
DA:116,0
DA:117,0
DA:118,0
DA:119,0
DA:123,0
LF:40
LH:0
BRDA:13,0,0,0
BRDA:13,0,1,0
BRDA:29,1,0,0
BRDA:29,1,1,0
BRDA:30,2,0,0
BRDA:30,2,1,0
BRDA:33,3,0,0
BRDA:33,3,1,0
BRDA:34,4,0,0
BRDA:34,4,1,0
BRDA:44,5,0,0
BRDA:44,5,1,0
BRDA:46,6,0,0
BRDA:46,6,1,0
BRDA:54,7,0,0
BRDA:54,7,1,0
BRDA:80,8,0,0
BRDA:80,8,1,0
BRDA:81,9,0,0
BRDA:81,9,1,0
BRDA:85,10,0,0
BRDA:85,10,1,0
BRDA:110,11,0,0
BRDA:110,11,1,0
BRDA:118,12,0,0
BRDA:118,12,1,0
BRF:26
BRH:0
end_of_record
TN:
SF:src/middleware/securityHeaders.js
FN:5,(anonymous_0)
FNF:1
FNH:0
FNDA:0,(anonymous_0)
DA:5,0
DA:7,0
DA:8,0
DA:9,0
DA:10,0
DA:13,0
DA:14,0
DA:15,0
DA:16,0
DA:17,0
DA:18,0
DA:20,0
DA:23,0
LF:13
LH:0
BRDA:13,0,0,0
BRDA:13,0,1,0
BRDA:13,1,0,0
BRDA:13,1,1,0
BRDA:13,1,2,0
BRDA:18,2,0,0
BRDA:18,2,1,0
BRF:7
BRH:0
end_of_record
TN:
SF:src/middleware/validators.js
FN:5,(anonymous_0)
FN:51,(anonymous_1)
FN:89,(anonymous_2)
FNF:3
FNH:0
FNDA:0,(anonymous_0)
FNDA:0,(anonymous_1)
FNDA:0,(anonymous_2)
DA:5,0
DA:6,0
DA:7,0
DA:9,0
DA:10,0
DA:14,0
DA:15,0
DA:16,0
DA:17,0
DA:18,0
DA:19,0
DA:20,0
DA:21,0
DA:22,0
DA:26,0
DA:28,0
DA:32,0
DA:51,0
DA:57,0
DA:70,0
DA:80,0
DA:89,0
DA:95,0
DA:111,0
DA:127,0
LF:25
LH:0
BRDA:7,0,0,0
BRDA:7,0,1,0
BRDA:9,1,0,0
BRDA:9,1,1,0
BRDA:15,2,0,0
BRDA:15,2,1,0
BRDA:16,3,0,0
BRDA:16,3,1,0
BRDA:17,4,0,0
BRDA:17,4,1,0
BRDA:19,5,0,0
BRDA:19,5,1,0
BRDA:20,6,0,0
BRDA:20,6,1,0
BRDA:21,7,0,0
BRDA:21,7,1,0
BRDA:22,8,0,0
BRDA:22,8,1,0
BRF:18
BRH:0
end_of_record
TN:
SF:src/middleware/xssProtection.js
FN:7,(anonymous_0)
FN:9,(anonymous_1)
FN:19,(anonymous_2)
FNF:3
FNH:0
FNDA:0,(anonymous_0)
FNDA:0,(anonymous_1)
FNDA:0,(anonymous_2)
DA:7,0
DA:9,0
DA:10,0
DA:11,0
DA:16,0
DA:18,0
DA:19,0
DA:21,0
DA:22,0
DA:23,0
DA:25,0
DA:28,0
DA:32,0
DA:33,0
DA:36,0
DA:38,0
DA:40,0
DA:41,0
DA:44,0
DA:45,0
DA:50,0
DA:52,0
DA:56,0
DA:57,0
DA:59,0
DA:60,0
DA:63,0
LF:27
LH:0
BRDA:10,0,0,0
BRDA:10,0,1,0
BRDA:16,1,0,0
BRDA:16,1,1,0
BRDA:16,2,0,0
BRDA:16,2,1,0
BRDA:18,3,0,0
BRDA:18,3,1,0
BRDA:32,4,0,0
BRDA:32,4,1,0
BRDA:36,5,0,0
BRDA:36,5,1,0
BRDA:36,6,0,0
BRDA:36,6,1,0
BRDA:36,6,2,0
BRDA:40,7,0,0
BRDA:40,7,1,0
BRDA:40,8,0,0
BRDA:40,8,1,0
BRDA:50,9,0,0
BRDA:50,9,1,0
BRDA:56,10,0,0
BRDA:56,10,1,0
BRDA:59,11,0,0
BRDA:59,11,1,0
BRF:25
BRH:0
end_of_record
TN:
SF:src/models/requestLog.js
FNF:0
FNH:0
DA:4,0
DA:62,0
DA:65,0
DA:66,0
DA:67,0
DA:68,0
DA:70,0
LF:7
LH:0
BRF:0
BRH:0
end_of_record
TN:
SF:src/models/url.js
FN:16,(anonymous_0)
FN:52,(anonymous_1)
FN:103,(anonymous_2)
FN:104,(anonymous_3)
FN:113,(anonymous_4)
FN:124,(anonymous_5)
FNF:6
FNH:0
FNDA:0,(anonymous_0)
FNDA:0,(anonymous_1)
FNDA:0,(anonymous_2)
FNDA:0,(anonymous_3)
FNDA:0,(anonymous_4)
FNDA:0,(anonymous_5)
DA:4,0
DA:17,0
DA:54,0
DA:55,0
DA:56,0
DA:57,0
DA:103,0
DA:104,0
DA:113,0
DA:114,0
DA:121,0
DA:124,0
DA:125,0
DA:132,0
DA:135,0
LF:15
LH:0
BRDA:121,0,0,0
BRDA:121,0,1,0
BRDA:132,1,0,0
BRDA:132,1,1,0
BRF:4
BRH:0
end_of_record
TN:
SF:src/models/user.js
FN:64,(anonymous_0)
FN:83,(anonymous_1)
FN:98,(anonymous_2)
FN:103,(anonymous_3)
FNF:4
FNH:0
FNDA:0,(anonymous_0)
FNDA:0,(anonymous_1)
FNDA:0,(anonymous_2)
FNDA:0,(anonymous_3)
DA:6,0
DA:57,0
DA:64,0
DA:66,0
DA:68,0
DA:69,0
DA:70,0
DA:71,0
DA:74,0
DA:79,0
DA:83,0
DA:85,0
DA:87,0
DA:89,0
DA:90,0
DA:91,0
DA:93,0
DA:98,0
DA:99,0
DA:103,0
DA:105,0
DA:107,0
DA:108,0
DA:109,0
DA:110,0
DA:113,0
DA:118,0
DA:121,0
LF:28
LH:0
BRDA:66,0,0,0
BRDA:66,0,1,0
BRDA:66,1,0,0
BRDA:66,1,1,0
BRDA:66,1,2,0
BRDA:79,2,0,0
BRDA:79,2,1,0
BRDA:85,3,0,0
BRDA:85,3,1,0
BRDA:105,4,0,0
BRDA:105,4,1,0
BRDA:105,5,0,0
BRDA:105,5,1,0
BRDA:105,5,2,0
BRDA:118,6,0,0
BRDA:118,6,1,0
BRF:16
BRH:0
end_of_record
TN:
SF:src/routes/auth.js
FN:38,(anonymous_0)
FN:41,(anonymous_1)
FN:51,(anonymous_2)
FNF:3
FNH:0
FNDA:0,(anonymous_0)
FNDA:0,(anonymous_1)
FNDA:0,(anonymous_2)
DA:29,0
DA:32,0
DA:35,0
DA:39,0
DA:42,0
DA:43,0
DA:44,0
DA:48,0
DA:53,0
DA:54,0
DA:55,0
DA:57,0
DA:62,0
DA:63,0
DA:64,0
DA:65,0
DA:66,0
DA:69,0
DA:70,0
DA:71,0
DA:72,0
DA:75,0
DA:76,0
DA:77,0
DA:78,0
DA:79,0
DA:80,0
LF:27
LH:0
BRDA:35,0,0,0
BRDA:35,0,1,0
BRDA:54,1,0,0
BRDA:54,1,1,0
BRF:4
BRH:0
end_of_record
TN:
SF:src/routes/dashboard.js
FNF:0
FNH:0
DA:5,0
DA:8,0
DA:11,0
DA:14,0
DA:17,0
LF:5
LH:0
BRF:0
BRH:0
end_of_record
TN:
SF:src/routes/s3proxy.js
FN:9,(anonymous_0)
FN:63,(anonymous_1)
FN:68,(anonymous_2)
FNF:3
FNH:0
FNDA:0,(anonymous_0)
FNDA:0,(anonymous_1)
FNDA:0,(anonymous_2)
DA:6,0
DA:9,0
DA:10,0
DA:16,0
DA:17,0
DA:20,0
DA:21,0
DA:24,0
DA:25,0
DA:26,0
DA:27,0
DA:28,0
DA:29,0
DA:30,0
DA:33,0
DA:34,0
DA:37,0
DA:39,0
DA:40,0
DA:48,0
DA:51,0
DA:52,0
DA:54,0
DA:55,0
DA:57,0
DA:60,0
DA:63,0
DA:64,0
DA:68,0
DA:69,0
DA:73,0
DA:85,0
DA:86,0
DA:89,0
DA:96,0
DA:97,0
LF:36
LH:0
BRDA:33,0,0,0
BRDA:33,0,1,0
BRDA:51,1,0,0
BRDA:51,1,1,0
BRDA:54,2,0,0
BRDA:54,2,1,0
BRDA:77,3,0,0
BRDA:77,3,1,0
BRF:8
BRH:0
end_of_record
TN:
SF:src/routes/url.js
FNF:0
FNH:0
DA:15,0
DA:18,0
DA:19,0
DA:22,0
DA:25,0
DA:28,0
DA:29,0
DA:30,0
DA:31,0
LF:9
LH:0
BRF:0
BRH:0
end_of_record
TN:
SF:src/services/emailService.js
FN:7,(anonymous_0)
FN:36,(anonymous_1)
FN:68,(anonymous_2)
FNF:3
FNH:0
FNDA:0,(anonymous_0)
FNDA:0,(anonymous_1)
FNDA:0,(anonymous_2)
DA:9,0
DA:28,0
DA:29,0
DA:37,0
DA:38,0
DA:39,0
DA:41,0
DA:43,0
DA:44,0
DA:45,0
DA:46,0
DA:47,0
DA:48,0
DA:49,0
DA:50,0
DA:51,0
DA:52,0
DA:53,0
DA:54,0
DA:55,0
DA:56,0
DA:57,0
DA:69,0
DA:71,0
DA:97,0
DA:98,0
DA:99,0
DA:101,0
DA:102,0
LF:29
LH:0
BRDA:10,0,0,0
BRDA:10,0,1,0
BRDA:11,1,0,0
BRDA:11,1,1,0
BRDA:14,2,0,0
BRDA:14,2,1,0
BRDA:15,3,0,0
BRDA:15,3,1,0
BRDA:28,4,0,0
BRDA:28,4,1,0
BRDA:43,5,0,0
BRDA:43,5,1,0
BRDA:43,6,0,0
BRDA:43,6,1,0
BRDA:50,7,0,0
BRDA:50,7,1,0
BRDA:72,8,0,0
BRDA:72,8,1,0
BRF:18
BRH:0
end_of_record
TN:
SF:src/services/qrCodeService.js
FN:28,(anonymous_0)
FN:55,(anonymous_1)
FN:105,(anonymous_2)
FN:173,(anonymous_3)
FN:290,(anonymous_4)
FN:312,(anonymous_5)
FN:357,(anonymous_6)
FN:387,(anonymous_7)
FNF:8
FNH:3
FNDA:2,(anonymous_0)
FNDA:3,(anonymous_1)
FNDA:1,(anonymous_2)
FNDA:0,(anonymous_3)
FNDA:0,(anonymous_4)
FNDA:0,(anonymous_5)
FNDA:0,(anonymous_6)
FNDA:0,(anonymous_7)
DA:9,1
DA:10,1
DA:13,1
DA:14,1
DA:17,1
DA:21,1
DA:27,1
DA:28,1
DA:29,2
DA:30,0
DA:31,0
DA:32,0
DA:37,1
DA:38,1
DA:39,1
DA:40,1
DA:42,0
DA:43,0
DA:47,1
DA:48,1
DA:55,1
DA:56,3
DA:59,3
DA:62,2
DA:63,1
DA:64,1
DA:66,1
DA:68,1
DA:71,1
DA:72,1
DA:73,1
DA:74,1
DA:78,0
DA:79,0
DA:80,0
DA:83,0
DA:85,0
DA:86,0
DA:91,1
DA:92,1
DA:95,0
DA:105,1
DA:106,1
DA:107,1
DA:109,1
DA:112,1
DA:126,1
DA:128,1
DA:130,1
DA:131,1
DA:132,1
DA:133,1
DA:136,1
DA:138,0
DA:140,0
DA:145,0
DA:146,0
DA:149,0
DA:152,0
DA:153,0
DA:156,0
DA:158,0
DA:160,0
DA:161,0
DA:162,0
DA:173,1
DA:174,0
DA:175,0
DA:180,0
DA:181,0
DA:195,0
DA:197,0
DA:199,0
DA:202,0
DA:205,0
DA:208,0
DA:209,0
DA:214,0
DA:217,0
DA:223,0
DA:233,0
DA:235,0
DA:236,0
DA:237,0
DA:238,0
DA:241,0
DA:243,0
DA:245,0
DA:250,0
DA:251,0
DA:253,0
DA:254,0
DA:256,0
DA:259,0
DA:260,0
DA:261,0
DA:262,0
DA:263,0
DA:264,0
DA:266,0
DA:271,0
DA:272,0
DA:273,0
DA:274,0
DA:277,0
DA:278,0
DA:279,0
DA:290,1
DA:295,0
DA:296,0
DA:300,0
DA:302,0
DA:303,0
DA:312,1
DA:313,0
DA:314,0
DA:317,0
DA:319,0
DA:321,0
DA:322,0
DA:323,0
DA:324,0
DA:327,0
DA:328,0
DA:331,0
DA:332,0
DA:333,0
DA:334,0
DA:335,0
DA:337,0
DA:338,0
DA:342,0
DA:343,0
DA:346,0
DA:347,0
DA:348,0
DA:357,1
DA:358,0
DA:359,0
DA:362,0
DA:363,0
DA:367,0
DA:368,0
DA:371,0
DA:372,0
DA:373,0
DA:375,0
DA:377,0
DA:378,0
DA:387,1
DA:388,0
DA:390,0
DA:393,0
DA:397,0
DA:398,0
DA:400,0
DA:401,0
LF:157
LH:46
BRDA:29,0,0,0
BRDA:29,0,1,2
BRDA:56,1,0,0
BRDA:56,1,1,3
BRDA:59,2,0,1
BRDA:59,2,1,2
BRDA:62,3,0,1
BRDA:62,3,1,1
BRDA:62,4,0,2
BRDA:62,4,1,2
BRDA:66,5,0,1
BRDA:66,5,1,0
BRDA:66,6,0,1
BRDA:66,6,1,0
BRDA:71,7,0,1
BRDA:71,7,1,0
BRDA:91,8,0,1
BRDA:91,8,1,0
BRDA:91,9,0,1
BRDA:91,9,1,1
BRDA:105,10,0,1
BRDA:117,11,0,1
BRDA:117,11,1,1
BRDA:118,12,0,1
BRDA:118,12,1,1
BRDA:128,13,0,1
BRDA:128,13,1,0
BRDA:152,14,0,0
BRDA:152,14,1,0
BRDA:173,15,0,0
BRDA:186,16,0,0
BRDA:186,16,1,0
BRDA:187,17,0,0
BRDA:187,17,1,0
BRDA:202,18,0,0
BRDA:202,18,1,0
BRDA:209,19,0,0
BRDA:209,19,1,0
BRDA:233,20,0,0
BRDA:233,20,1,0
BRDA:259,21,0,0
BRDA:259,21,1,0
BRDA:293,22,0,0
BRDA:297,23,0,0
BRDA:297,23,1,0
BRDA:298,24,0,0
BRDA:298,24,1,0
BRDA:314,25,0,0
BRDA:314,25,1,0
BRDA:319,26,0,0
BRDA:319,26,1,0
BRDA:319,27,0,0
BRDA:319,27,1,0
BRDA:319,27,2,0
BRDA:331,28,0,0
BRDA:331,28,1,0
BRDA:359,29,0,0
BRDA:359,29,1,0
BRDA:362,30,0,0
BRDA:362,30,1,0
BRDA:362,31,0,0
BRDA:362,31,1,0
BRDA:362,31,2,0
BRDA:371,32,0,0
BRDA:371,32,1,0
BRDA:390,33,0,0
BRDA:390,33,1,0
BRF:67
BRH:20
end_of_record
TN:
SF:src/services/s3Service.js
FN:17,(anonymous_0)
FN:43,(anonymous_1)
FN:78,(anonymous_2)
FN:108,(anonymous_3)
FN:137,(anonymous_4)
FN:198,(anonymous_5)
FN:222,(anonymous_6)
FNF:7
FNH:2
FNDA:3,(anonymous_0)
FNDA:0,(anonymous_1)
FNDA:1,(anonymous_2)
FNDA:0,(anonymous_3)
FNDA:0,(anonymous_4)
FNDA:0,(anonymous_5)
FNDA:0,(anonymous_6)
DA:9,1
DA:12,1
DA:13,1
DA:16,1
DA:17,3
DA:19,1
DA:20,0
DA:21,0
DA:26,1
DA:33,1
DA:35,1
DA:43,1
DA:44,0
DA:46,0
DA:49,0
DA:60,0
DA:61,0
DA:64,0
DA:66,0
DA:67,0
DA:78,1
DA:79,1
DA:81,1
DA:92,1
DA:93,1
DA:96,1
DA:98,0
DA:99,0
DA:108,1
DA:109,0
DA:111,0
DA:112,0
DA:114,0
DA:117,0
DA:122,0
DA:123,0
DA:124,0
DA:126,0
DA:127,0
DA:137,1
DA:138,0
DA:139,0
DA:142,0
DA:143,0
DA:148,0
DA:152,0
DA:153,0
DA:154,0
DA:155,0
DA:157,0
DA:158,0
DA:160,0
DA:165,0
DA:171,0
DA:173,0
DA:174,0
DA:175,0
DA:177,0
DA:189,0
DA:198,1
DA:199,0
DA:201,0
DA:213,0
DA:222,1
DA:223,0
DA:224,0
DA:225,0
DA:227,0
DA:229,0
DA:230,0
DA:232,0
DA:235,0
DA:238,0
DA:239,0
DA:240,0
DA:243,0
DA:245,0
DA:246,0
LF:78
LH:20
BRDA:19,0,0,0
BRDA:19,0,1,1
BRDA:29,1,0,1
BRDA:29,1,1,0
BRDA:35,2,0,1
BRDA:35,2,1,0
BRDA:111,3,0,0
BRDA:111,3,1,0
BRDA:137,4,0,0
BRDA:142,5,0,0
BRDA:142,5,1,0
BRDA:142,6,0,0
BRDA:142,6,1,0
BRDA:142,6,2,0
BRDA:146,7,0,0
BRDA:146,7,1,0
BRDA:153,8,0,0
BRDA:153,8,1,0
BRDA:183,9,0,0
BRDA:183,9,1,0
BRDA:213,10,0,0
BRDA:213,10,1,0
BRDA:232,11,0,0
BRDA:232,11,1,0
BRDA:235,12,0,0
BRDA:235,12,1,0
BRF:26
BRH:3
end_of_record
